<?xml version="1.0" encoding="UTF-8"?>
<testng-results ignored="0" total="5" passed="5" failed="0" skipped="0">
  <reporter-output>
  </reporter-output>
  <suite started-at="2022-05-16T04:04:07 IST" name="functionalSuite" finished-at="2022-05-16T04:05:25 IST" duration-ms="77533">
    <groups>
    </groups>
    <test started-at="2022-05-16T04:04:07 IST" name="Test" finished-at="2022-05-16T04:05:25 IST" duration-ms="77533">
      <class name="com.flipkart.test.functional.TestLoginSC_01">
        <test-method is-config="true" signature="preSuite()[pri:0, instance:com.flipkart.test.functional.TestLoginSC_01@2e3967ea]" started-at="2022-05-16T04:04:07 IST" name="preSuite" finished-at="2022-05-16T04:04:07 IST" duration-ms="34" status="PASS">
          <reporter-output>
          </reporter-output>
        </test-method> <!-- preSuite -->
        <test-method is-config="true" signature="precondition()[pri:0, instance:com.flipkart.test.functional.TestLoginSC_01@2e3967ea]" started-at="2022-05-16T04:04:07 IST" name="precondition" finished-at="2022-05-16T04:04:16 IST" duration-ms="8432" status="PASS">
          <reporter-output>
          </reporter-output>
        </test-method> <!-- precondition -->
        <test-method signature="TC1_Login()[pri:0, instance:com.flipkart.test.functional.TestLoginSC_01@2e3967ea]" started-at="2022-05-16T04:04:16 IST" name="TC1_Login" finished-at="2022-05-16T04:04:20 IST" duration-ms="3747" status="PASS">
          <reporter-output>
          </reporter-output>
        </test-method> <!-- TC1_Login -->
        <test-method is-config="true" signature="postCondition()[pri:0, instance:com.flipkart.test.functional.TestLoginSC_01@2e3967ea]" started-at="2022-05-16T04:04:20 IST" name="postCondition" finished-at="2022-05-16T04:04:20 IST" duration-ms="336" status="PASS">
          <reporter-output>
          </reporter-output>
        </test-method> <!-- postCondition -->
        <test-method is-config="true" signature="precondition()[pri:0, instance:com.flipkart.test.functional.TestLoginSC_01@2e3967ea]" started-at="2022-05-16T04:04:20 IST" name="precondition" finished-at="2022-05-16T04:04:25 IST" duration-ms="4930" status="PASS">
          <reporter-output>
          </reporter-output>
        </test-method> <!-- precondition -->
        <test-method signature="TC2_Login()[pri:0, instance:com.flipkart.test.functional.TestLoginSC_01@2e3967ea]" started-at="2022-05-16T04:04:25 IST" name="TC2_Login" finished-at="2022-05-16T04:04:26 IST" duration-ms="878" status="PASS">
          <reporter-output>
          </reporter-output>
        </test-method> <!-- TC2_Login -->
        <test-method is-config="true" signature="postCondition()[pri:0, instance:com.flipkart.test.functional.TestLoginSC_01@2e3967ea]" started-at="2022-05-16T04:04:26 IST" name="postCondition" finished-at="2022-05-16T04:04:26 IST" duration-ms="230" status="PASS">
          <reporter-output>
          </reporter-output>
        </test-method> <!-- postCondition -->
        <test-method is-config="true" signature="precondition()[pri:0, instance:com.flipkart.test.functional.TestLoginSC_01@2e3967ea]" started-at="2022-05-16T04:04:26 IST" name="precondition" finished-at="2022-05-16T04:04:31 IST" duration-ms="4808" status="PASS">
          <reporter-output>
          </reporter-output>
        </test-method> <!-- precondition -->
        <test-method signature="TC3_Addtocart()[pri:0, instance:com.flipkart.test.functional.TestLoginSC_01@2e3967ea]" started-at="2022-05-16T04:04:31 IST" name="TC3_Addtocart" finished-at="2022-05-16T04:04:44 IST" duration-ms="13357" status="PASS">
          <reporter-output>
          </reporter-output>
        </test-method> <!-- TC3_Addtocart -->
        <test-method is-config="true" signature="postCondition()[pri:0, instance:com.flipkart.test.functional.TestLoginSC_01@2e3967ea]" started-at="2022-05-16T04:04:44 IST" name="postCondition" finished-at="2022-05-16T04:04:44 IST" duration-ms="361" status="PASS">
          <reporter-output>
          </reporter-output>
        </test-method> <!-- postCondition -->
        <test-method is-config="true" signature="precondition()[pri:0, instance:com.flipkart.test.functional.TestLoginSC_01@2e3967ea]" started-at="2022-05-16T04:04:44 IST" name="precondition" finished-at="2022-05-16T04:04:50 IST" duration-ms="5044" status="PASS">
          <reporter-output>
          </reporter-output>
        </test-method> <!-- precondition -->
        <test-method signature="TC4_Remove_product_from_cart()[pri:0, instance:com.flipkart.test.functional.TestLoginSC_01@2e3967ea]" started-at="2022-05-16T04:04:50 IST" name="TC4_Remove_product_from_cart" finished-at="2022-05-16T04:05:08 IST" duration-ms="18863" status="PASS">
          <reporter-output>
          </reporter-output>
        </test-method> <!-- TC4_Remove_product_from_cart -->
        <test-method is-config="true" signature="postCondition()[pri:0, instance:com.flipkart.test.functional.TestLoginSC_01@2e3967ea]" started-at="2022-05-16T04:05:08 IST" name="postCondition" finished-at="2022-05-16T04:05:09 IST" duration-ms="238" status="PASS">
          <reporter-output>
          </reporter-output>
        </test-method> <!-- postCondition -->
        <test-method is-config="true" signature="precondition()[pri:0, instance:com.flipkart.test.functional.TestLoginSC_01@2e3967ea]" started-at="2022-05-16T04:05:09 IST" name="precondition" finished-at="2022-05-16T04:05:13 IST" duration-ms="4756" status="PASS">
          <reporter-output>
          </reporter-output>
        </test-method> <!-- precondition -->
        <test-method signature="TC5_Navigate_to_Orderspage()[pri:0, instance:com.flipkart.test.functional.TestLoginSC_01@2e3967ea]" started-at="2022-05-16T04:05:13 IST" name="TC5_Navigate_to_Orderspage" finished-at="2022-05-16T04:05:25 IST" duration-ms="11266" status="PASS">
          <reporter-output>
          </reporter-output>
        </test-method> <!-- TC5_Navigate_to_Orderspage -->
        <test-method is-config="true" signature="postCondition()[pri:0, instance:com.flipkart.test.functional.TestLoginSC_01@2e3967ea]" started-at="2022-05-16T04:05:25 IST" name="postCondition" finished-at="2022-05-16T04:05:25 IST" duration-ms="244" status="PASS">
          <reporter-output>
          </reporter-output>
        </test-method> <!-- postCondition -->
      </class> <!-- com.flipkart.test.functional.TestLoginSC_01 -->
    </test> <!-- Test -->
  </suite> <!-- functionalSuite -->
</testng-results>
