<?xml version="1.0" encoding="UTF-8"?>
<!-- Generated by org.testng.reporters.JUnitXMLReporter -->
<testsuite ignored="0" hostname="BDC11-L-FRH4PV2" failures="0" tests="5" name="Test" time="77.533" errors="0" timestamp="2022-05-16T04:05:25 IST">
  <testcase classname="com.flipkart.test.functional.TestLoginSC_01" name="TC1_Login" time="3.747"/>
  <testcase classname="com.flipkart.test.functional.TestLoginSC_01" name="TC2_Login" time="0.878"/>
  <testcase classname="com.flipkart.test.functional.TestLoginSC_01" name="TC3_Addtocart" time="13.357"/>
  <testcase classname="com.flipkart.test.functional.TestLoginSC_01" name="TC4_Remove_product_from_cart" time="18.863"/>
  <testcase classname="com.flipkart.test.functional.TestLoginSC_01" name="TC5_Navigate_to_Orderspage" time="11.266"/>
</testsuite> <!-- Test -->
